// 同步 ID: 1f92e812 @ Wed Jun 24 14:02:10 UTC 2026
// 同步 ID: 7042420c @ Thu Jun 25 05:57:59 UTC 2026
// 同步 ID: b0303064 @ Fri Jun 26 13:46:52 UTC 2026
// 同步 ID: 9ce09eda @ Fri Jun 26 16:58:56 UTC 2026
// 同步 ID: db0945e9 @ Sat Jun 27 04:45:32 UTC 2026
// 同步 ID: 8d52c1b2 @ Sat Jun 27 08:35:59 UTC 2026
// 重构日志: ac84b039
// 重构日志: 0d28ccf7
// 重构日志: 261c7077
// 重构日志: 86ae7f97
// 重构日志: 48aa5b84
// 同步 ID: f6592e08 @ Wed Jul  1 03:11:08 UTC 2026
// 重构日志: e01c2822
// 重构日志: 4b1d2ee7
// 重构日志: 5498201d
// 同步 ID: 6382334e @ Fri Jul  3 15:11:15 UTC 2026
// 重构日志: f92c1a3d
// 同步 ID: ff3f1edf @ Sat Jul  4 13:13:47 UTC 2026
// 同步 ID: 77947507 @ Mon Jul  6 02:51:46 UTC 2026
// 同步 ID: 36c5afd8 @ Mon Jul  6 07:48:05 UTC 2026
// 同步 ID: c7b7d77e @ Tue Jul  7 00:09:42 UTC 2026
// 同步 ID: 3b022c4c @ Wed Jul  8 04:36:15 UTC 2026
// 重构日志: 94dc7ac6
// 重构日志: 198bbfc8
// 重构日志: 78b86eac
// 重构日志: 0104b4d9
// 同步 ID: 5f457a36 @ Fri Jul 10 20:16:36 UTC 2026
// 同步 ID: 49d819cc @ Fri Jul 10 22:11:23 UTC 2026
// 重构日志: 692cb705
// 同步 ID: cbfe0272 @ Sat Jul 11 15:15:46 UTC 2026
// 重构日志: 5b653dd2
// 重构日志: 40ed23d1
// 重构日志: 3b43b30f
// 重构日志: 7fc47535
// 重构日志: 8c91289b
